2025-05-26 10:31:52 - GET /stepik_parser_test/public/api/v1/courses
2025-05-26 10:33:32 - GET /stepik_parser_test/public/api/v1/courses/1
2025-05-26 10:35:00 - GET /stepik_parser_test/public/api/v1/courses
2025-05-26 10:35:18 - GET /stepik_parser_test/public/api/v1/courses/search
2025-05-26 10:40:09 - GET /stepik_parser_test/public/api/v1/courses
2025-05-26 10:53:20 - GET /stepik_parser_test/public/api/v1/courses/search
2025-05-26 10:53:46 - GET /stepik_parser_test/public/api/v1/courses/1
2025-05-26 10:55:17 - POST /stepik_parser_test/public/api/v1/import
2025-05-26 10:55:52 - POST /stepik_parser_test/public/api/v1/import
2025-05-26 10:57:49 - POST /stepik_parser_test/public/api/v1/import
2025-05-26 10:58:17 - GET /stepik_parser_test/public/api/v1/courses
2025-05-26 11:03:30 - GET /stepik_parser_test/public/api/v1/courses
2025-05-26 11:03:39 - GET /stepik_parser_test/public/api/v1/courses?source=stepik
2025-05-26 11:09:08 - GET /stepik_parser_test/public/api/v1/courses
2025-05-26 11:09:22 - GET /stepik_parser_test/public/api/v1/courses?source=stepik
2025-05-26 11:10:39 - GET /stepik_parser_test/public/api/v1/courses
2025-05-27 17:54:30 - GET /stepik_parser_test/public/api/v1/courses
2025-05-27 17:54:45 - GET /stepik_parser_test/public/api/v1/courses
2025-05-27 17:54:46 - GET /stepik_parser_test/public/api/v1/courses
2025-05-27 17:54:46 - GET /stepik_parser_test/public/api/v1/courses
2025-05-27 17:54:47 - GET /stepik_parser_test/public/api/v1/courses
2025-05-27 17:54:47 - GET /stepik_parser_test/public/api/v1/courses
2025-05-27 17:56:07 - GET /stepik_parser_test/public/api/v1/courses
2025-05-27 17:56:12 - GET /stepik_parser_test/public/api/v1/courses
2025-05-27 17:58:02 - GET /stepik_parser_test/public/api/v1/courses
2025-05-27 17:59:58 - GET /stepik_parser_test/public/api/v1/courses
2025-05-27 18:00:00 - GET /stepik_parser_test/public/api/v1/courses
2025-05-27 18:00:01 - GET /stepik_parser_test/public/api/v1/courses
2025-05-27 18:00:01 - GET /stepik_parser_test/public/api/v1/courses
2025-05-27 18:00:02 - GET /stepik_parser_test/public/api/v1/courses
2025-05-27 18:00:05 - GET /stepik_parser_test/public/api/v1/courses
2025-05-27 18:00:06 - GET /stepik_parser_test/public/api/v1/courses
2025-05-27 18:00:06 - GET /stepik_parser_test/public/api/v1/courses
2025-05-27 18:00:07 - GET /stepik_parser_test/public/api/v1/courses
2025-05-27 18:00:07 - GET /stepik_parser_test/public/api/v1/courses
2025-05-27 18:00:08 - GET /stepik_parser_test/public/api/v1/courses
2025-05-27 18:00:08 - GET /stepik_parser_test/public/api/v1/courses
2025-05-27 18:00:09 - GET /stepik_parser_test/public/api/v1/courses
2025-05-27 18:00:14 - GET /stepik_parser_test/public/api/v1/courses
2025-05-27 18:00:14 - GET /stepik_parser_test/public/api/v1/courses
2025-05-27 18:00:30 - GET /stepik_parser_test/public/api/v1/courses
2025-05-27 18:01:51 - GET /stepik_parser_test/public/api/v1/courses
2025-05-27 18:04:42 - GET /stepik_parser_test/public/api/v1/courses
2025-05-27 18:04:52 - GET /stepik_parser_test/public/api/v1/courses
2025-05-27 18:05:02 - GET /stepik_parser_test/public/api/v1/courses
2025-05-28 05:33:35 - POST /stepik_parser_test/public/api/v1/auth/register
2025-05-28 05:33:50 - POST /stepik_parser_test/public/api/v1/auth/login
2025-05-28 05:33:51 - POST /stepik_parser_test/public/api/v1/auth/login
2025-05-28 05:34:10 - POST /stepik_parser_test/public/api/v1/auth/register
2025-05-28 05:34:10 - POST /stepik_parser_test/public/api/v1/auth/register
2025-05-28 05:35:17 - GET /stepik_parser_test/public/api/v1/courses
2025-05-28 05:35:21 - GET /stepik_parser_test/public/api/v1/courses
2025-05-28 05:35:28 - GET /stepik_parser_test/public/api/v1/courses
2025-05-28 05:36:07 - GET /stepik_parser_test/public/api/v1/courses
2025-05-28 05:36:11 - POST /stepik_parser_test/public/api/v1/auth/register
2025-05-28 05:36:34 - POST /stepik_parser_test/public/api/v1/auth/register
2025-05-28 05:37:04 - POST /stepik_parser_test/public/api/v1/auth/register
2025-05-28 05:39:04 - POST /stepik_parser_test/public/api/v1/auth/register
2025-05-28 05:39:43 - POST /stepik_parser_test/public/api/v1/auth/register
2025-05-28 05:39:44 - POST /stepik_parser_test/public/api/v1/auth/register
2025-05-28 05:41:10 - POST /stepik_parser_test/public/api/v1/auth/register
2025-05-28 05:41:43 - POST /stepik_parser_test/public/api/v1/auth/register
2025-05-28 05:41:56 - POST /stepik_parser_test/public/api/v1/auth/login
2025-05-28 05:42:13 - POST /stepik_parser_test/public/api/v1/auth/login
2025-05-28 05:42:14 - POST /stepik_parser_test/public/api/v1/auth/login
2025-05-28 05:42:30 - POST /stepik_parser_test/public/api/v1/auth/login
2025-05-28 05:42:47 - POST /stepik_parser_test/public/api/v1/auth/register
2025-05-28 05:42:51 - POST /stepik_parser_test/public/api/v1/auth/register
2025-05-28 05:43:10 - POST /stepik_parser_test/public/api/v1/auth/login
2025-05-28 06:42:34 - OPTIONS /stepik_parser_test/public/api/v1/auth/register
2025-05-28 06:43:59 - OPTIONS /stepik_parser_test/public/api/v1/auth/login
2025-05-28 06:44:35 - OPTIONS /stepik_parser_test/public/api/v1/auth/register
2025-05-28 06:48:11 - OPTIONS /stepik_parser_test/public/api/v1/auth/register
2025-05-28 06:48:11 - POST /stepik_parser_test/public/api/v1/auth/register
2025-05-28 07:05:22 - OPTIONS /stepik_parser_test/public/api/v1/auth/login
2025-05-28 07:05:22 - POST /stepik_parser_test/public/api/v1/auth/login
2025-05-28 07:08:04 - OPTIONS /stepik_parser_test/public/api/v1/auth/register
2025-05-28 07:08:04 - POST /stepik_parser_test/public/api/v1/auth/register
2025-05-28 07:09:12 - OPTIONS /stepik_parser_test/public/api/v1/auth/register
2025-05-28 07:09:12 - POST /stepik_parser_test/public/api/v1/auth/register
2025-05-28 07:17:58 - OPTIONS /stepik_parser_test/public/api/v1/auth/register
2025-05-28 07:17:58 - POST /stepik_parser_test/public/api/v1/auth/register
2025-05-28 07:19:48 - OPTIONS /stepik_parser_test/public/api/v1/auth/register
2025-05-28 07:19:48 - POST /stepik_parser_test/public/api/v1/auth/register
2025-05-28 08:22:08 - OPTIONS /stepik_parser_test/public/api/v1/auth/login
2025-05-28 08:22:08 - POST /stepik_parser_test/public/api/v1/auth/login
2025-05-28 08:23:13 - OPTIONS /stepik_parser_test/public/api/v1/auth/login
2025-05-28 08:23:13 - POST /stepik_parser_test/public/api/v1/auth/login
2025-05-28 08:28:35 - GET /stepik_parser_test/public/api/v1/courses
2025-05-28 08:31:10 - GET /stepik_parser_test/public/api/v1/courses?source=stepik
2025-05-28 08:31:15 - GET /stepik_parser_test/public/api/v1/courses?source=skillbox
2025-05-28 08:31:24 - GET /stepik_parser_test/public/api/v1/courses?source=geekbrains
2025-05-28 08:36:54 - OPTIONS /stepik_parser_test/public/api/v1/auth/register
2025-05-28 08:36:54 - POST /stepik_parser_test/public/api/v1/auth/register
2025-05-28 08:37:53 - GET /stepik_parser_test/public/api/v1/courses
2025-05-28 08:38:02 - GET /stepik_parser_test/public/api/v1/courses?source=stepik
2025-05-28 08:38:09 - GET /stepik_parser_test/public/api/v1/courses?source=%D0%BF%D1%83%D1%83%D0%BB%D0%B8%D0%BA%D1%84%D1%88%D1%82%D1%8B
2025-05-28 08:38:16 - GET /stepik_parser_test/public/api/v1/courses?source=geekbrains
2025-05-28 08:42:28 - OPTIONS /stepik_parser_test/public/api/v1/auth/register
2025-05-28 08:42:28 - POST /stepik_parser_test/public/api/v1/auth/register
2025-05-28 08:43:03 - OPTIONS /stepik_parser_test/public/api/v1/auth/login
2025-05-28 08:43:03 - POST /stepik_parser_test/public/api/v1/auth/login
2025-05-28 20:13:06 - GET /stepik_parser_test/public/api/v1/courses
2025-05-28 20:13:24 - GET /stepik_parser_test/public/api/v1/courses?source=geekbrains&&stepik
2025-05-28 20:13:33 - GET /stepik_parser_test/public/api/v1/courses?source=geekbrains&stepik
2025-05-28 20:30:44 - GET /stepik_parser_test/public/api/v1/courses?search=python
2025-05-28 20:30:56 - GET /stepik_parser_test/public/api/v1/courses?search=%27python%27
2025-05-28 22:12:31 - GET /stepik_parser_test/public/api/v1/courses?search=python
2025-05-28 22:12:41 - GET /stepik_parser_test/public/api/v1/courses??source=geekbrains,stepik
2025-05-28 22:13:11 - GET /stepik_parser_test/public/api/v1/courses?source=geekbrains,stepik
2025-05-28 22:13:32 - GET /stepik_parser_test/public/api/v1/courses?source=geekbrains,skillbox
2025-05-28 22:13:48 - GET /stepik_parser_test/public/api/v1/courses
2025-05-29 05:41:45 - GET /stepik_parser_test/public/api/v1/courses?source=stepik
2025-05-29 05:41:57 - GET /stepik_parser_test/public/api/v1/courses?source=stepik,geekbrains
2025-05-29 05:45:36 - GET /stepik_parser_test/public/api/v1/courses
2025-05-29 05:46:15 - GET /stepik_parser_test/public/api/v1/courses?source=geekbrains
2025-05-29 05:46:26 - GET /stepik_parser_test/public/api/v1/courses?source=geekbrains,skillbox
2025-05-29 05:58:07 - OPTIONS /stepik_parser_test/public/api/v1/auth/login
2025-05-29 05:58:07 - POST /stepik_parser_test/public/api/v1/auth/login
2025-05-29 13:36:47 - GET /stepik_parser_test/public/api/v1/courses
2025-05-29 13:49:03 - OPTIONS /stepik_parser_test/public/api/v1/courses
2025-05-29 13:49:03 - GET /stepik_parser_test/public/api/v1/courses
2025-05-29 14:03:54 - OPTIONS /stepik_parser_test/public/api/v1/courses
2025-05-29 14:03:54 - GET /stepik_parser_test/public/api/v1/courses
2025-05-29 14:05:34 - OPTIONS /stepik_parser_test/public/api/v1/courses
2025-05-29 14:05:34 - GET /stepik_parser_test/public/api/v1/courses
2025-05-29 14:06:38 - GET /stepik_parser_test/public/api/v1/courses?source=geekbrains
2025-05-29 14:06:45 - GET /stepik_parser_test/public/api/v1/courses?source=geekbrains,skillbox
2025-05-29 14:49:32 - OPTIONS /stepik_parser_test/public/api/v1/courses
2025-05-29 14:49:32 - GET /stepik_parser_test/public/api/v1/courses
2025-05-29 15:06:02 - OPTIONS /stepik_parser_test/public/api/v1/courses
2025-05-29 15:06:02 - GET /stepik_parser_test/public/api/v1/courses
2025-05-29 15:07:11 - OPTIONS /stepik_parser_test/public/api/v1/courses
2025-05-29 15:07:11 - GET /stepik_parser_test/public/api/v1/courses
2025-05-29 15:07:31 - OPTIONS /stepik_parser_test/public/api/v1/courses
2025-05-29 15:07:31 - GET /stepik_parser_test/public/api/v1/courses
2025-05-29 15:07:34 - GET /stepik_parser_test/public/api/v1/courses
2025-05-29 15:07:36 - OPTIONS /stepik_parser_test/public/api/v1/courses
2025-05-29 15:07:36 - GET /stepik_parser_test/public/api/v1/courses
2025-05-29 15:07:38 - GET /stepik_parser_test/public/api/v1/courses
2025-05-29 15:07:50 - OPTIONS /stepik_parser_test/public/api/v1/courses
2025-05-29 15:07:50 - GET /stepik_parser_test/public/api/v1/courses
2025-05-29 15:07:55 - GET /stepik_parser_test/public/api/v1/courses
2025-05-29 15:12:18 - OPTIONS /stepik_parser_test/public/api/v1/courses
2025-05-29 15:12:18 - GET /stepik_parser_test/public/api/v1/courses
2025-05-29 15:14:38 - OPTIONS /stepik_parser_test/public/api/v1/courses
2025-05-29 15:14:38 - GET /stepik_parser_test/public/api/v1/courses
2025-05-29 15:15:34 - OPTIONS /stepik_parser_test/public/api/v1/courses
2025-05-29 15:15:34 - GET /stepik_parser_test/public/api/v1/courses
2025-05-29 15:19:21 - OPTIONS /stepik_parser_test/public/api/v1/courses
2025-05-29 15:19:21 - GET /stepik_parser_test/public/api/v1/courses
2025-05-29 15:19:32 - OPTIONS /stepik_parser_test/public/api/v1/courses
2025-05-29 15:19:32 - GET /stepik_parser_test/public/api/v1/courses
2025-05-29 15:27:16 - OPTIONS /stepik_parser_test/public/api/v1/courses
2025-05-29 15:27:16 - GET /stepik_parser_test/public/api/v1/courses
2025-05-29 15:28:54 - OPTIONS /stepik_parser_test/public/api/v1/courses
2025-05-29 15:28:54 - GET /stepik_parser_test/public/api/v1/courses
2025-05-29 15:38:44 - OPTIONS /stepik_parser_test/public/api/v1/courses
2025-05-29 15:38:44 - GET /stepik_parser_test/public/api/v1/courses
2025-05-29 15:40:28 - OPTIONS /stepik_parser_test/public/api/v1/courses
2025-05-29 15:40:28 - GET /stepik_parser_test/public/api/v1/courses
2025-05-29 15:40:38 - OPTIONS /stepik_parser_test/public/api/v1/courses
2025-05-29 15:40:38 - GET /stepik_parser_test/public/api/v1/courses
2025-05-29 15:40:42 - GET /stepik_parser_test/public/api/v1/courses
2025-05-29 15:42:29 - OPTIONS /stepik_parser_test/public/api/v1/courses
2025-05-29 15:42:29 - GET /stepik_parser_test/public/api/v1/courses
2025-05-29 15:48:32 - OPTIONS /stepik_parser_test/public/api/v1/courses
2025-05-29 15:48:32 - GET /stepik_parser_test/public/api/v1/courses
2025-05-29 15:48:37 - GET /stepik_parser_test/public/api/v1/courses
2025-05-29 15:55:12 - OPTIONS /stepik_parser_test/public/api/v1/courses
2025-05-29 15:55:12 - GET /stepik_parser_test/public/api/v1/courses
2025-05-29 15:55:23 - OPTIONS /stepik_parser_test/public/api/v1/courses
2025-05-29 15:55:23 - GET /stepik_parser_test/public/api/v1/courses
2025-05-29 15:59:29 - OPTIONS /stepik_parser_test/public/api/v1/courses
2025-05-29 15:59:29 - GET /stepik_parser_test/public/api/v1/courses
2025-05-29 16:02:16 - OPTIONS /stepik_parser_test/public/api/v1/auth/login
2025-05-29 16:02:16 - POST /stepik_parser_test/public/api/v1/auth/login
2025-05-29 16:02:51 - OPTIONS /stepik_parser_test/public/api/v1/auth/login
2025-05-29 16:02:51 - POST /stepik_parser_test/public/api/v1/auth/login
2025-05-29 16:02:52 - OPTIONS /stepik_parser_test/public/api/v1/courses
2025-05-29 16:02:52 - GET /stepik_parser_test/public/api/v1/courses
2025-05-29 16:06:25 - OPTIONS /stepik_parser_test/public/api/v1/auth/register
2025-05-29 16:06:25 - POST /stepik_parser_test/public/api/v1/auth/register
2025-05-29 16:06:30 - OPTIONS /stepik_parser_test/public/api/v1/courses
2025-05-29 16:06:30 - GET /stepik_parser_test/public/api/v1/courses
2025-05-29 16:11:18 - OPTIONS /stepik_parser_test/public/api/v1/courses
2025-05-29 16:11:18 - GET /stepik_parser_test/public/api/v1/courses
2025-05-29 16:11:34 - OPTIONS /stepik_parser_test/public/api/v1/courses
2025-05-29 16:11:34 - GET /stepik_parser_test/public/api/v1/courses
2025-05-29 16:16:41 - OPTIONS /stepik_parser_test/public/api/v1/auth/login
2025-05-29 16:16:41 - POST /stepik_parser_test/public/api/v1/auth/login
2025-05-29 16:16:41 - OPTIONS /stepik_parser_test/public/api/v1/courses
2025-05-29 16:16:41 - GET /stepik_parser_test/public/api/v1/courses
2025-05-29 16:25:02 - OPTIONS /stepik_parser_test/public/api/v1/courses
2025-05-29 16:25:02 - GET /stepik_parser_test/public/api/v1/courses
2025-05-29 16:26:27 - OPTIONS /stepik_parser_test/public/api/v1/courses
2025-05-29 16:26:27 - GET /stepik_parser_test/public/api/v1/courses
2025-05-29 16:42:36 - OPTIONS /stepik_parser_test/public/api/v1/courses
2025-05-29 16:42:36 - GET /stepik_parser_test/public/api/v1/courses
2025-05-30 07:55:41 - GET /stepik_parser_test/public/api/v1/courses
2025-05-30 07:59:33 - OPTIONS /stepik_parser_test/public/api/v1/auth/login
2025-05-30 07:59:33 - POST /stepik_parser_test/public/api/v1/auth/login
2025-05-30 07:59:33 - OPTIONS /stepik_parser_test/public/api/v1/courses
2025-05-30 07:59:33 - GET /stepik_parser_test/public/api/v1/courses
2025-05-30 14:04:45 - OPTIONS /stepik_parser_test/public/api/v1/courses
2025-05-30 14:04:45 - GET /stepik_parser_test/public/api/v1/courses
2025-05-30 14:12:50 - OPTIONS /stepik_parser_test/public/api/v1/courses
2025-05-30 14:12:50 - GET /stepik_parser_test/public/api/v1/courses
2025-05-30 14:13:56 - OPTIONS /stepik_parser_test/public/api/v1/auth/login
2025-05-30 14:13:56 - POST /stepik_parser_test/public/api/v1/auth/login
2025-05-30 14:13:56 - OPTIONS /stepik_parser_test/public/api/v1/courses
2025-05-30 14:13:56 - GET /stepik_parser_test/public/api/v1/courses
2025-05-30 14:14:54 - OPTIONS /stepik_parser_test/public/api/v1/auth/login
2025-05-30 14:14:54 - POST /stepik_parser_test/public/api/v1/auth/login
2025-05-30 14:14:54 - OPTIONS /stepik_parser_test/public/api/v1/courses
2025-05-30 14:14:55 - GET /stepik_parser_test/public/api/v1/courses
2025-05-30 14:18:21 - OPTIONS /stepik_parser_test/public/api/v1/auth/login
2025-05-30 14:18:21 - POST /stepik_parser_test/public/api/v1/auth/login
2025-05-30 14:18:21 - OPTIONS /stepik_parser_test/public/api/v1/courses
2025-05-30 14:18:21 - GET /stepik_parser_test/public/api/v1/courses
2025-05-30 14:19:55 - OPTIONS /stepik_parser_test/public/api/v1/auth/login
2025-05-30 14:19:55 - POST /stepik_parser_test/public/api/v1/auth/login
2025-05-30 14:19:55 - OPTIONS /stepik_parser_test/public/api/v1/courses
2025-05-30 14:19:55 - GET /stepik_parser_test/public/api/v1/courses
2025-05-30 17:31:10 - OPTIONS /stepik_parser_test/public/api/v1/auth/login
2025-05-30 17:31:10 - POST /stepik_parser_test/public/api/v1/auth/login
2025-05-30 17:31:10 - OPTIONS /stepik_parser_test/public/api/v1/courses
2025-05-30 17:31:10 - GET /stepik_parser_test/public/api/v1/courses
2025-05-30 17:41:24 - OPTIONS /stepik_parser_test/public/api/v1/courses
2025-05-30 17:41:24 - GET /stepik_parser_test/public/api/v1/courses
2025-05-30 17:54:07 - OPTIONS /stepik_parser_test/public/api/v1/courses
2025-05-30 17:54:07 - GET /stepik_parser_test/public/api/v1/courses
2025-05-30 17:54:39 - OPTIONS /stepik_parser_test/public/api/v1/auth/login
2025-05-30 17:54:39 - POST /stepik_parser_test/public/api/v1/auth/login
2025-05-30 17:54:39 - GET /stepik_parser_test/public/api/v1/courses
2025-05-30 17:54:42 - OPTIONS /stepik_parser_test/public/api/v1/favorites/add
2025-05-30 17:54:42 - POST /stepik_parser_test/public/api/v1/favorites/add
2025-05-30 17:54:59 - POST /stepik_parser_test/public/api/v1/favorites/add
2025-05-30 17:55:11 - POST /stepik_parser_test/public/api/v1/favorites/add
2025-05-30 18:27:46 - GET /stepik_parser_test/public/api/v1/favorites?user_id=1
2025-05-30 18:27:46 - GET /stepik_parser_test/public/api/v1/courses
2025-05-30 18:28:21 - POST /stepik_parser_test/public/api/v1/favorites/add
2025-05-30 18:30:28 - POST /stepik_parser_test/public/api/v1/auth/login
2025-05-30 18:30:28 - GET /stepik_parser_test/public/api/v1/courses
2025-05-30 18:30:28 - GET /stepik_parser_test/public/api/v1/favorites?user_id=1
2025-05-30 18:31:12 - POST /stepik_parser_test/public/api/v1/favorites/add
2025-05-30 18:31:24 - POST /stepik_parser_test/public/api/v1/auth/login
2025-05-30 18:31:24 - GET /stepik_parser_test/public/api/v1/courses
2025-05-30 18:31:24 - GET /stepik_parser_test/public/api/v1/favorites?user_id=1
2025-05-30 18:33:05 - OPTIONS /stepik_parser_test/public/api/v1/auth/login
2025-05-30 18:33:05 - POST /stepik_parser_test/public/api/v1/auth/login
2025-05-30 18:33:06 - OPTIONS /stepik_parser_test/public/api/v1/courses
2025-05-30 18:33:06 - GET /stepik_parser_test/public/api/v1/favorites?user_id=1
2025-05-30 18:33:06 - GET /stepik_parser_test/public/api/v1/courses
2025-05-30 18:33:12 - OPTIONS /stepik_parser_test/public/api/v1/favorites/add
2025-05-30 18:33:12 - POST /stepik_parser_test/public/api/v1/favorites/add
2025-05-31 10:47:59 - OPTIONS /stepik_parser_test/public/api/v1/auth/login
2025-05-31 10:47:59 - POST /stepik_parser_test/public/api/v1/auth/login
2025-05-31 10:48:00 - GET /stepik_parser_test/public/api/v1/favorites?user_id=1
2025-05-31 10:48:00 - OPTIONS /stepik_parser_test/public/api/v1/courses
2025-05-31 10:48:00 - GET /stepik_parser_test/public/api/v1/courses
2025-05-31 10:48:04 - GET /stepik_parser_test/public/api/v1/courses
2025-05-31 10:48:19 - GET /stepik_parser_test/public/api/v1/courses
2025-05-31 10:48:36 - POST /stepik_parser_test/public/api/v1/auth/login
2025-05-31 10:49:15 - OPTIONS /stepik_parser_test/public/api/v1/auth/register
2025-05-31 10:49:15 - POST /stepik_parser_test/public/api/v1/auth/register
2025-05-31 10:49:15 - GET /stepik_parser_test/public/api/v1/courses
2025-05-31 10:49:15 - GET /stepik_parser_test/public/api/v1/favorites?user_id=12
2025-05-31 10:49:18 - OPTIONS /stepik_parser_test/public/api/v1/favorites/add
2025-05-31 10:49:18 - POST /stepik_parser_test/public/api/v1/favorites/add
2025-05-31 10:49:45 - POST /stepik_parser_test/public/api/v1/favorites/add
2025-05-31 10:49:48 - POST /stepik_parser_test/public/api/v1/auth/login
2025-05-31 10:49:48 - GET /stepik_parser_test/public/api/v1/courses
2025-05-31 10:49:48 - GET /stepik_parser_test/public/api/v1/favorites?user_id=12
2025-05-31 10:49:52 - POST /stepik_parser_test/public/api/v1/auth/login
2025-05-31 10:49:52 - GET /stepik_parser_test/public/api/v1/courses
2025-05-31 10:49:52 - GET /stepik_parser_test/public/api/v1/favorites?user_id=1
2025-05-31 10:58:58 - GET /stepik_parser_test/public/api/v1/favorites?user_id=1
2025-05-31 11:05:39 - GET /stepik_parser_test/public/api/v1/courses
s?user_id=1
2025-05-31 11:05:52 - GET /stepik_parser_test/public/api/v1/courses
2025-05-31 11:05:52 - GET /stepik_parser_test/public/api/v1/favorites?user_id=1
2025-05-31 11:05:58 - GET /stepik_parser_test/public/api/v1/favorites?user_id=1
2025-05-31 11:06:12 - GET /stepik_parser_test/public/api/v1/courses
2025-05-31 11:06:12 - GET /stepik_parser_test/public/api/v1/favorites?user_id=1
2025-05-31 11:06:24 - GET /stepik_parser_test/public/api/v1/favorites?user_id=1
