[26-May-2025 08:05:13 Europe/Berlin] PHP Fatal error:  Composer detected issues in your platform: Your Composer dependencies require a PHP version ">= 8.2.0". You are running 8.0.30. in C:\xampp\htdocs\stepik_parser_test\vendor\composer\platform_check.php on line 24
[26-May-2025 08:05:24 Europe/Berlin] PHP Fatal error:  Composer detected issues in your platform: Your Composer dependencies require a PHP version ">= 8.2.0". You are running 8.0.30. in C:\xampp\htdocs\stepik_parser_test\vendor\composer\platform_check.php on line 24
[26-May-2025 08:29:44 Europe/Berlin] PHP Fatal error:  Composer detected issues in your platform: Your Composer dependencies require a PHP version ">= 8.1.0". You are running 8.0.30. in C:\xampp\htdocs\stepik_parser_test\vendor\composer\platform_check.php on line 24
[26-May-2025 08:30:04 Europe/Berlin] PHP Fatal error:  Composer detected issues in your platform: Your Composer dependencies require a PHP version ">= 8.1.0". You are running 8.0.30. in C:\xampp\htdocs\stepik_parser_test\vendor\composer\platform_check.php on line 24
[26-May-2025 08:30:38 Europe/Berlin] PHP Fatal error:  Composer detected issues in your platform: Your Composer dependencies require a PHP version ">= 8.1.0". You are running 8.0.30. in C:\xampp\htdocs\stepik_parser_test\vendor\composer\platform_check.php on line 24
[26-May-2025 08:31:59 Europe/Berlin] PHP Fatal error:  Composer detected issues in your platform: Your Composer dependencies require a PHP version ">= 8.1.0". You are running 8.0.30. in C:\xampp\htdocs\stepik_parser_test\vendor\composer\platform_check.php on line 24
[26-May-2025 08:45:25 Europe/Berlin] PHP Fatal error:  Composer detected issues in your platform: Your Composer dependencies require a PHP version ">= 8.1.0". You are running 8.0.30. in C:\xampp\htdocs\stepik_parser_test\vendor\composer\platform_check.php on line 24
[27-May-2025 17:54:30 Europe/Berlin] PHP Warning:  require(C:\xampp\htdocs\stepik_parser_test\vendor\composer/../symfony/polyfill-php80/bootstrap.php): Failed to open stream: No such file or directory in C:\xampp\htdocs\stepik_parser_test\vendor\composer\autoload_real.php on line 39
[27-May-2025 17:54:45 Europe/Berlin] PHP Warning:  require(C:\xampp\htdocs\stepik_parser_test\vendor\composer/../symfony/polyfill-php80/bootstrap.php): Failed to open stream: No such file or directory in C:\xampp\htdocs\stepik_parser_test\vendor\composer\autoload_real.php on line 39
[27-May-2025 17:54:46 Europe/Berlin] PHP Warning:  require(C:\xampp\htdocs\stepik_parser_test\vendor\composer/../symfony/polyfill-php80/bootstrap.php): Failed to open stream: No such file or directory in C:\xampp\htdocs\stepik_parser_test\vendor\composer\autoload_real.php on line 39
[27-May-2025 17:54:46 Europe/Berlin] PHP Warning:  require(C:\xampp\htdocs\stepik_parser_test\vendor\composer/../symfony/polyfill-php80/bootstrap.php): Failed to open stream: No such file or directory in C:\xampp\htdocs\stepik_parser_test\vendor\composer\autoload_real.php on line 39
[27-May-2025 17:54:47 Europe/Berlin] PHP Warning:  require(C:\xampp\htdocs\stepik_parser_test\vendor\composer/../symfony/polyfill-php80/bootstrap.php): Failed to open stream: No such file or directory in C:\xampp\htdocs\stepik_parser_test\vendor\composer\autoload_real.php on line 39
[27-May-2025 17:54:47 Europe/Berlin] PHP Warning:  require(C:\xampp\htdocs\stepik_parser_test\vendor\composer/../symfony/polyfill-php80/bootstrap.php): Failed to open stream: No such file or directory in C:\xampp\htdocs\stepik_parser_test\vendor\composer\autoload_real.php on line 39
[27-May-2025 17:56:07 Europe/Berlin] PHP Warning:  require(C:\xampp\htdocs\stepik_parser_test\vendor\composer/../symfony/polyfill-php80/bootstrap.php): Failed to open stream: No such file or directory in C:\xampp\htdocs\stepik_parser_test\vendor\composer\autoload_real.php on line 39
[27-May-2025 17:56:12 Europe/Berlin] PHP Warning:  require(C:\xampp\htdocs\stepik_parser_test\vendor\composer/../symfony/polyfill-php80/bootstrap.php): Failed to open stream: No such file or directory in C:\xampp\htdocs\stepik_parser_test\vendor\composer\autoload_real.php on line 39
[27-May-2025 17:58:02 Europe/Berlin] PHP Warning:  require(C:\xampp\htdocs\stepik_parser_test\vendor\composer/../symfony/polyfill-php80/bootstrap.php): Failed to open stream: No such file or directory in C:\xampp\htdocs\stepik_parser_test\vendor\composer\autoload_real.php on line 39
[27-May-2025 17:59:58 Europe/Berlin] PHP Warning:  require_once(C:\xampp\htdocs\stepik_parser_test\public/../vendor/autoload.php): Failed to open stream: No such file or directory in C:\xampp\htdocs\stepik_parser_test\public\api.php on line 34
[27-May-2025 18:00:00 Europe/Berlin] PHP Warning:  require_once(C:\xampp\htdocs\stepik_parser_test\vendor\autoload.php): Failed to open stream: No such file or directory in C:\xampp\htdocs\stepik_parser_test\public\api.php on line 34
[27-May-2025 18:00:01 Europe/Berlin] PHP Warning:  require_once(C:\xampp\htdocs\stepik_parser_test\public/../vendor/autoload.php): Failed to open stream: No such file or directory in C:\xampp\htdocs\stepik_parser_test\public\api.php on line 34
[27-May-2025 18:00:01 Europe/Berlin] PHP Warning:  require_once(C:\xampp\htdocs\stepik_parser_test\vendor\autoload.php): Failed to open stream: No such file or directory in C:\xampp\htdocs\stepik_parser_test\public\api.php on line 34
[27-May-2025 18:00:02 Europe/Berlin] PHP Warning:  require_once(C:\xampp\htdocs\stepik_parser_test\public/../vendor/autoload.php): Failed to open stream: No such file or directory in C:\xampp\htdocs\stepik_parser_test\public\api.php on line 34
[27-May-2025 18:00:05 Europe/Berlin] PHP Warning:  require_once(C:\xampp\htdocs\stepik_parser_test\public/../vendor/autoload.php): Failed to open stream: No such file or directory in C:\xampp\htdocs\stepik_parser_test\public\api.php on line 34
[27-May-2025 18:00:06 Europe/Berlin] PHP Warning:  require_once(C:\xampp\htdocs\stepik_parser_test\public/../vendor/autoload.php): Failed to open stream: No such file or directory in C:\xampp\htdocs\stepik_parser_test\public\api.php on line 34
[27-May-2025 18:00:06 Europe/Berlin] PHP Warning:  require_once(C:\xampp\htdocs\stepik_parser_test\public/../vendor/autoload.php): Failed to open stream: No such file or directory in C:\xampp\htdocs\stepik_parser_test\public\api.php on line 34
[27-May-2025 18:00:07 Europe/Berlin] PHP Warning:  require_once(C:\xampp\htdocs\stepik_parser_test\public/../vendor/autoload.php): Failed to open stream: No such file or directory in C:\xampp\htdocs\stepik_parser_test\public\api.php on line 34
[27-May-2025 18:00:07 Europe/Berlin] PHP Warning:  require_once(C:\xampp\htdocs\stepik_parser_test\public/../vendor/autoload.php): Failed to open stream: No such file or directory in C:\xampp\htdocs\stepik_parser_test\public\api.php on line 34
[27-May-2025 18:00:08 Europe/Berlin] PHP Warning:  require_once(C:\xampp\htdocs\stepik_parser_test\public/../vendor/autoload.php): Failed to open stream: No such file or directory in C:\xampp\htdocs\stepik_parser_test\public\api.php on line 34
[27-May-2025 18:00:08 Europe/Berlin] PHP Warning:  require_once(C:\xampp\htdocs\stepik_parser_test\public/../vendor/autoload.php): Failed to open stream: No such file or directory in C:\xampp\htdocs\stepik_parser_test\public\api.php on line 34
[27-May-2025 18:00:09 Europe/Berlin] PHP Warning:  require_once(C:\xampp\htdocs\stepik_parser_test\public/../vendor/autoload.php): Failed to open stream: No such file or directory in C:\xampp\htdocs\stepik_parser_test\public\api.php on line 34
[27-May-2025 18:00:14 Europe/Berlin] PHP Warning:  require_once(C:\xampp\htdocs\stepik_parser_test\public/../vendor/autoload.php): Failed to open stream: No such file or directory in C:\xampp\htdocs\stepik_parser_test\public\api.php on line 34
[27-May-2025 18:00:14 Europe/Berlin] PHP Warning:  require_once(C:\xampp\htdocs\stepik_parser_test\public/../vendor/autoload.php): Failed to open stream: No such file or directory in C:\xampp\htdocs\stepik_parser_test\public\api.php on line 34
[28-May-2025 05:35:19 Europe/Berlin] Database connection error: SQLSTATE[HY000] [2002] Подключение не установлено, т.к. конечный компьютер отверг запрос на подключение
[28-May-2025 05:35:21 Europe/Berlin] Database creation error: SQLSTATE[HY000] [2002] Подключение не установлено, т.к. конечный компьютер отверг запрос на подключение
[28-May-2025 05:35:23 Europe/Berlin] Database connection error: SQLSTATE[HY000] [2002] Подключение не установлено, т.к. конечный компьютер отверг запрос на подключение
[28-May-2025 05:35:25 Europe/Berlin] Database creation error: SQLSTATE[HY000] [2002] Подключение не установлено, т.к. конечный компьютер отверг запрос на подключение
[28-May-2025 05:35:30 Europe/Berlin] Database connection error: SQLSTATE[HY000] [2002] Подключение не установлено, т.к. конечный компьютер отверг запрос на подключение
[28-May-2025 05:35:32 Europe/Berlin] Database creation error: SQLSTATE[HY000] [2002] Подключение не установлено, т.к. конечный компьютер отверг запрос на подключение
[28-May-2025 05:39:43 Europe/Berlin] Autoload: файл не найден - C:\xampp\htdocs\stepik_parser_test/app/Database/Database.php
[28-May-2025 05:39:44 Europe/Berlin] Autoload: файл не найден - C:\xampp\htdocs\stepik_parser_test/app/Database/Database.php
[28-May-2025 05:41:10 Europe/Berlin] Autoload: файл не найден - C:\xampp\htdocs\stepik_parser_test/app/Database/Database.php
